[2021-06-10 14:54:35] [LOG] Plugin has been activated
[2021-06-10 14:54:43] [ERROR] Shuted down
[2021-06-10 14:54:43] [ERROR] Array
(
    [type] => 2
    [message] => set_time_limit() has been disabled for security reasons
    [file] => /home/vol6_6/epizy.com/epiz_28327718/htdocs/projects/store/wp-content/plugins/backup-backup/includes/initializer.php
    [line] => 141
)

[2021-06-10 14:54:43] [ERROR] There was an error before request shutdown (but it was not logged to backup/restore log)
[2021-06-10 14:54:43] [ERROR] Error message: set_time_limit() has been disabled for security reasons
[2021-06-10 14:54:43] [ERROR] Error file/line: /home/vol6_6/epizy.com/epiz_28327718/htdocs/projects/store/wp-content/plugins/backup-backup/includes/initializer.php|141
[2021-06-10 14:54:43] [ERROR] Shuted down
[2021-06-10 14:54:43] [ERROR] Array
(
    [type] => 2
    [message] => set_time_limit() has been disabled for security reasons
    [file] => /home/vol6_6/epizy.com/epiz_28327718/htdocs/projects/store/wp-content/plugins/backup-backup/includes/initializer.php
    [line] => 141
)

[2021-06-10 14:54:43] [ERROR] There was an error before request shutdown (but it was not logged to backup/restore log)
[2021-06-10 14:54:43] [ERROR] Error message: set_time_limit() has been disabled for security reasons
[2021-06-10 14:54:43] [ERROR] Error file/line: /home/vol6_6/epizy.com/epiz_28327718/htdocs/projects/store/wp-content/plugins/backup-backup/includes/initializer.php|141
[2021-06-10 14:54:43] [ERROR] Shuted down
[2021-06-10 14:54:43] [ERROR] Array
(
    [type] => 2
    [message] => set_time_limit() has been disabled for security reasons
    [file] => /home/vol6_6/epizy.com/epiz_28327718/htdocs/projects/store/wp-content/plugins/backup-backup/includes/initializer.php
    [line] => 141
)

[2021-06-10 14:54:43] [ERROR] There was an error before request shutdown (but it was not logged to backup/restore log)
[2021-06-10 14:54:43] [ERROR] Error message: set_time_limit() has been disabled for security reasons
[2021-06-10 14:54:43] [ERROR] Error file/line: /home/vol6_6/epizy.com/epiz_28327718/htdocs/projects/store/wp-content/plugins/backup-backup/includes/initializer.php|141
[2021-06-10 14:54:43] [ERROR] Shuted down
[2021-06-10 14:54:43] [ERROR] Array
(
    [type] => 2
    [message] => set_time_limit() has been disabled for security reasons
    [file] => /home/vol6_6/epizy.com/epiz_28327718/htdocs/projects/store/wp-content/plugins/backup-backup/includes/initializer.php
    [line] => 141
)

[2021-06-10 14:54:43] [ERROR] There was an error before request shutdown (but it was not logged to backup/restore log)
[2021-06-10 14:54:43] [ERROR] Error message: set_time_limit() has been disabled for security reasons
[2021-06-10 14:54:43] [ERROR] Error file/line: /home/vol6_6/epizy.com/epiz_28327718/htdocs/projects/store/wp-content/plugins/backup-backup/includes/initializer.php|141
[2021-06-10 14:54:44] [ERROR] Shuted down
[2021-06-10 14:54:44] [ERROR] Array
(
    [type] => 2
    [message] => set_time_limit() has been disabled for security reasons
    [file] => /home/vol6_6/epizy.com/epiz_28327718/htdocs/projects/store/wp-content/plugins/backup-backup/includes/initializer.php
    [line] => 141
)

[2021-06-10 14:54:44] [ERROR] There was an error before request shutdown (but it was not logged to backup/restore log)
[2021-06-10 14:54:44] [ERROR] Error message: set_time_limit() has been disabled for security reasons
[2021-06-10 14:54:44] [ERROR] Error file/line: /home/vol6_6/epizy.com/epiz_28327718/htdocs/projects/store/wp-content/plugins/backup-backup/includes/initializer.php|141
[2021-06-10 14:54:45] [ERROR] Shuted down
[2021-06-10 14:54:45] [ERROR] Array
(
    [type] => 2
    [message] => set_time_limit() has been disabled for security reasons
    [file] => /home/vol6_6/epizy.com/epiz_28327718/htdocs/projects/store/wp-content/plugins/backup-backup/includes/initializer.php
    [line] => 141
)

[2021-06-10 14:54:45] [ERROR] There was an error before request shutdown (but it was not logged to backup/restore log)
[2021-06-10 14:54:45] [ERROR] Error message: set_time_limit() has been disabled for security reasons
[2021-06-10 14:54:45] [ERROR] Error file/line: /home/vol6_6/epizy.com/epiz_28327718/htdocs/projects/store/wp-content/plugins/backup-backup/includes/initializer.php|141
[2021-06-10 14:54:46] [ERROR] Shuted down
[2021-06-10 14:54:46] [ERROR] Array
(
    [type] => 2
    [message] => set_time_limit() has been disabled for security reasons
    [file] => /home/vol6_6/epizy.com/epiz_28327718/htdocs/projects/store/wp-content/plugins/backup-backup/includes/initializer.php
    [line] => 141
)

[2021-06-10 14:54:46] [ERROR] There was an error before request shutdown (but it was not logged to backup/restore log)
[2021-06-10 14:54:46] [ERROR] Error message: set_time_limit() has been disabled for security reasons
[2021-06-10 14:54:46] [ERROR] Error file/line: /home/vol6_6/epizy.com/epiz_28327718/htdocs/projects/store/wp-content/plugins/backup-backup/includes/initializer.php|141
[2021-06-10 14:54:48] [ERROR] Shuted down
[2021-06-10 14:54:48] [ERROR] Array
(
    [type] => 2
    [message] => set_time_limit() has been disabled for security reasons
    [file] => /home/vol6_6/epizy.com/epiz_28327718/htdocs/projects/store/wp-content/plugins/backup-backup/includes/initializer.php
    [line] => 141
)

[2021-06-10 14:54:48] [ERROR] There was an error before request shutdown (but it was not logged to backup/restore log)
[2021-06-10 14:54:48] [ERROR] Error message: set_time_limit() has been disabled for security reasons
[2021-06-10 14:54:48] [ERROR] Error file/line: /home/vol6_6/epizy.com/epiz_28327718/htdocs/projects/store/wp-content/plugins/backup-backup/includes/initializer.php|141
[2021-06-10 14:54:49] [ERROR] Shuted down
[2021-06-10 14:54:49] [ERROR] Array
(
    [type] => 2
    [message] => set_time_limit() has been disabled for security reasons
    [file] => /home/vol6_6/epizy.com/epiz_28327718/htdocs/projects/store/wp-content/plugins/backup-backup/includes/initializer.php
    [line] => 141
)

[2021-06-10 14:54:49] [ERROR] There was an error before request shutdown (but it was not logged to backup/restore log)
[2021-06-10 14:54:49] [ERROR] Error message: set_time_limit() has been disabled for security reasons
[2021-06-10 14:54:49] [ERROR] Error file/line: /home/vol6_6/epizy.com/epiz_28327718/htdocs/projects/store/wp-content/plugins/backup-backup/includes/initializer.php|141
[2021-06-10 14:54:49] [ERROR] Shuted down
[2021-06-10 14:54:49] [ERROR] Array
(
    [type] => 2
    [message] => set_time_limit() has been disabled for security reasons
    [file] => /home/vol6_6/epizy.com/epiz_28327718/htdocs/projects/store/wp-content/plugins/backup-backup/includes/initializer.php
    [line] => 141
)

[2021-06-10 14:54:49] [ERROR] There was an error before request shutdown (but it was not logged to backup/restore log)
[2021-06-10 14:54:49] [ERROR] Error message: set_time_limit() has been disabled for security reasons
[2021-06-10 14:54:49] [ERROR] Error file/line: /home/vol6_6/epizy.com/epiz_28327718/htdocs/projects/store/wp-content/plugins/backup-backup/includes/initializer.php|141
[2021-06-10 14:54:53] [ERROR] Shuted down
[2021-06-10 14:54:53] [ERROR] Array
(
    [type] => 2
    [message] => set_time_limit() has been disabled for security reasons
    [file] => /home/vol6_6/epizy.com/epiz_28327718/htdocs/projects/store/wp-content/plugins/backup-backup/includes/initializer.php
    [line] => 141
)

[2021-06-10 14:54:53] [ERROR] There was an error before request shutdown (but it was not logged to backup/restore log)
[2021-06-10 14:54:53] [ERROR] Error message: set_time_limit() has been disabled for security reasons
[2021-06-10 14:54:53] [ERROR] Error file/line: /home/vol6_6/epizy.com/epiz_28327718/htdocs/projects/store/wp-content/plugins/backup-backup/includes/initializer.php|141
[2021-06-10 14:54:53] [ERROR] Shuted down
[2021-06-10 14:54:53] [ERROR] Array
(
    [type] => 2
    [message] => set_time_limit() has been disabled for security reasons
    [file] => /home/vol6_6/epizy.com/epiz_28327718/htdocs/projects/store/wp-content/plugins/backup-backup/includes/initializer.php
    [line] => 141
)

[2021-06-10 14:54:53] [ERROR] There was an error before request shutdown (but it was not logged to backup/restore log)
[2021-06-10 14:54:53] [ERROR] Error message: set_time_limit() has been disabled for security reasons
[2021-06-10 14:54:53] [ERROR] Error file/line: /home/vol6_6/epizy.com/epiz_28327718/htdocs/projects/store/wp-content/plugins/backup-backup/includes/initializer.php|141
[2021-06-10 14:54:53] [ERROR] Shuted down
[2021-06-10 14:54:53] [ERROR] Array
(
    [type] => 2
    [message] => set_time_limit() has been disabled for security reasons
    [file] => /home/vol6_6/epizy.com/epiz_28327718/htdocs/projects/store/wp-content/plugins/backup-backup/includes/initializer.php
    [line] => 141
)

[2021-06-10 14:54:53] [ERROR] There was an error before request shutdown (but it was not logged to backup/restore log)
[2021-06-10 14:54:53] [ERROR] Error message: set_time_limit() has been disabled for security reasons
[2021-06-10 14:54:53] [ERROR] Error file/line: /home/vol6_6/epizy.com/epiz_28327718/htdocs/projects/store/wp-content/plugins/backup-backup/includes/initializer.php|141
[2021-06-10 14:54:53] [ERROR] Shuted down
[2021-06-10 14:54:53] [ERROR] Array
(
    [type] => 2
    [message] => set_time_limit() has been disabled for security reasons
    [file] => /home/vol6_6/epizy.com/epiz_28327718/htdocs/projects/store/wp-content/plugins/backup-backup/includes/initializer.php
    [line] => 141
)

[2021-06-10 14:54:53] [ERROR] There was an error before request shutdown (but it was not logged to backup/restore log)
[2021-06-10 14:54:53] [ERROR] Error message: set_time_limit() has been disabled for security reasons
[2021-06-10 14:54:53] [ERROR] Error file/line: /home/vol6_6/epizy.com/epiz_28327718/htdocs/projects/store/wp-content/plugins/backup-backup/includes/initializer.php|141
[2021-06-10 14:54:54] [ERROR] Shuted down
[2021-06-10 14:54:54] [ERROR] Array
(
    [type] => 2
    [message] => set_time_limit() has been disabled for security reasons
    [file] => /home/vol6_6/epizy.com/epiz_28327718/htdocs/projects/store/wp-content/plugins/backup-backup/includes/initializer.php
    [line] => 141
)

[2021-06-10 14:54:54] [ERROR] There was an error before request shutdown (but it was not logged to backup/restore log)
[2021-06-10 14:54:54] [ERROR] Error message: set_time_limit() has been disabled for security reasons
[2021-06-10 14:54:54] [ERROR] Error file/line: /home/vol6_6/epizy.com/epiz_28327718/htdocs/projects/store/wp-content/plugins/backup-backup/includes/initializer.php|141
[2021-06-10 14:54:56] [ERROR] Shuted down
[2021-06-10 14:54:56] [ERROR] Array
(
    [type] => 2
    [message] => set_time_limit() has been disabled for security reasons
    [file] => /home/vol6_6/epizy.com/epiz_28327718/htdocs/projects/store/wp-content/plugins/backup-backup/includes/initializer.php
    [line] => 141
)

[2021-06-10 14:54:56] [ERROR] There was an error before request shutdown (but it was not logged to backup/restore log)
[2021-06-10 14:54:56] [ERROR] Error message: set_time_limit() has been disabled for security reasons
[2021-06-10 14:54:56] [ERROR] Error file/line: /home/vol6_6/epizy.com/epiz_28327718/htdocs/projects/store/wp-content/plugins/backup-backup/includes/initializer.php|141
[2021-06-10 14:54:57] [ERROR] Shuted down
[2021-06-10 14:54:57] [ERROR] Array
(
    [type] => 2
    [message] => set_time_limit() has been disabled for security reasons
    [file] => /home/vol6_6/epizy.com/epiz_28327718/htdocs/projects/store/wp-content/plugins/backup-backup/includes/initializer.php
    [line] => 141
)

[2021-06-10 14:54:57] [ERROR] There was an error before request shutdown (but it was not logged to backup/restore log)
[2021-06-10 14:54:57] [ERROR] Error message: set_time_limit() has been disabled for security reasons
[2021-06-10 14:54:57] [ERROR] Error file/line: /home/vol6_6/epizy.com/epiz_28327718/htdocs/projects/store/wp-content/plugins/backup-backup/includes/initializer.php|141
[2021-06-10 14:55:07] [ERROR] Shuted down
[2021-06-10 14:55:07] [ERROR] Array
(
    [type] => 2
    [message] => set_time_limit() has been disabled for security reasons
    [file] => /home/vol6_6/epizy.com/epiz_28327718/htdocs/projects/store/wp-content/plugins/backup-backup/includes/initializer.php
    [line] => 141
)

[2021-06-10 14:55:07] [ERROR] There was an error before request shutdown (but it was not logged to backup/restore log)
[2021-06-10 14:55:07] [ERROR] Error message: set_time_limit() has been disabled for security reasons
[2021-06-10 14:55:07] [ERROR] Error file/line: /home/vol6_6/epizy.com/epiz_28327718/htdocs/projects/store/wp-content/plugins/backup-backup/includes/initializer.php|141
[2021-06-10 14:55:11] [ERROR] Shuted down
[2021-06-10 14:55:12] [ERROR] Array
(
    [type] => 2
    [message] => set_time_limit() has been disabled for security reasons
    [file] => /home/vol6_6/epizy.com/epiz_28327718/htdocs/projects/store/wp-content/plugins/backup-backup/includes/initializer.php
    [line] => 141
)

[2021-06-10 14:55:12] [ERROR] There was an error before request shutdown (but it was not logged to backup/restore log)
[2021-06-10 14:55:12] [ERROR] Error message: set_time_limit() has been disabled for security reasons
[2021-06-10 14:55:12] [ERROR] Error file/line: /home/vol6_6/epizy.com/epiz_28327718/htdocs/projects/store/wp-content/plugins/backup-backup/includes/initializer.php|141
[2021-06-10 14:55:14] [ERROR] Shuted down
[2021-06-10 14:55:14] [ERROR] Array
(
    [type] => 2
    [message] => set_time_limit() has been disabled for security reasons
    [file] => /home/vol6_6/epizy.com/epiz_28327718/htdocs/projects/store/wp-content/plugins/backup-backup/includes/initializer.php
    [line] => 141
)

[2021-06-10 14:55:14] [ERROR] There was an error before request shutdown (but it was not logged to backup/restore log)
[2021-06-10 14:55:14] [ERROR] Error message: set_time_limit() has been disabled for security reasons
[2021-06-10 14:55:14] [ERROR] Error file/line: /home/vol6_6/epizy.com/epiz_28327718/htdocs/projects/store/wp-content/plugins/backup-backup/includes/initializer.php|141
[2021-06-10 14:55:19] [ERROR] Shuted down
[2021-06-10 14:55:20] [ERROR] Array
(
    [type] => 2
    [message] => set_time_limit() has been disabled for security reasons
    [file] => /home/vol6_6/epizy.com/epiz_28327718/htdocs/projects/store/wp-content/plugins/backup-backup/includes/initializer.php
    [line] => 141
)

[2021-06-10 14:55:20] [ERROR] There was an error before request shutdown (but it was not logged to backup/restore log)
[2021-06-10 14:55:20] [ERROR] Error message: set_time_limit() has been disabled for security reasons
[2021-06-10 14:55:20] [ERROR] Error file/line: /home/vol6_6/epizy.com/epiz_28327718/htdocs/projects/store/wp-content/plugins/backup-backup/includes/initializer.php|141
[2021-06-10 14:55:34] [ERROR] Shuted down
[2021-06-10 14:55:35] [ERROR] Array
(
    [type] => 2
    [message] => set_time_limit() has been disabled for security reasons
    [file] => /home/vol6_6/epizy.com/epiz_28327718/htdocs/projects/store/wp-content/plugins/backup-backup/includes/initializer.php
    [line] => 141
)

[2021-06-10 14:55:35] [ERROR] There was an error before request shutdown (but it was not logged to backup/restore log)
[2021-06-10 14:55:35] [ERROR] Error message: set_time_limit() has been disabled for security reasons
[2021-06-10 14:55:35] [ERROR] Error file/line: /home/vol6_6/epizy.com/epiz_28327718/htdocs/projects/store/wp-content/plugins/backup-backup/includes/initializer.php|141
[2021-06-10 14:55:49] [ERROR] Shuted down
[2021-06-10 14:55:51] [ERROR] Array
(
    [type] => 2
    [message] => set_time_limit() has been disabled for security reasons
    [file] => /home/vol6_6/epizy.com/epiz_28327718/htdocs/projects/store/wp-content/plugins/backup-backup/includes/initializer.php
    [line] => 141
)

[2021-06-10 14:55:51] [ERROR] There was an error before request shutdown (but it was not logged to backup/restore log)
[2021-06-10 14:55:51] [ERROR] Error message: set_time_limit() has been disabled for security reasons
[2021-06-10 14:55:51] [ERROR] Error file/line: /home/vol6_6/epizy.com/epiz_28327718/htdocs/projects/store/wp-content/plugins/backup-backup/includes/initializer.php|141
[2021-06-10 14:56:01] [ERROR] Shuted down
[2021-06-10 14:56:01] [ERROR] Array
(
    [type] => 2
    [message] => set_time_limit() has been disabled for security reasons
    [file] => /home/vol6_6/epizy.com/epiz_28327718/htdocs/projects/store/wp-content/plugins/backup-backup/includes/initializer.php
    [line] => 141
)

[2021-06-10 14:56:01] [ERROR] There was an error before request shutdown (but it was not logged to backup/restore log)
[2021-06-10 14:56:01] [ERROR] Error message: set_time_limit() has been disabled for security reasons
[2021-06-10 14:56:01] [ERROR] Error file/line: /home/vol6_6/epizy.com/epiz_28327718/htdocs/projects/store/wp-content/plugins/backup-backup/includes/initializer.php|141
[2021-06-10 14:56:08] [ERROR] Shuted down
[2021-06-10 14:56:08] [ERROR] Array
(
    [type] => 2
    [message] => set_time_limit() has been disabled for security reasons
    [file] => /home/vol6_6/epizy.com/epiz_28327718/htdocs/projects/store/wp-content/plugins/backup-backup/includes/initializer.php
    [line] => 141
)

[2021-06-10 14:56:08] [ERROR] There was an error before request shutdown (but it was not logged to backup/restore log)
[2021-06-10 14:56:08] [ERROR] Error message: set_time_limit() has been disabled for security reasons
[2021-06-10 14:56:08] [ERROR] Error file/line: /home/vol6_6/epizy.com/epiz_28327718/htdocs/projects/store/wp-content/plugins/backup-backup/includes/initializer.php|141
[2021-06-10 14:56:13] [ERROR] Shuted down
[2021-06-10 14:56:13] [ERROR] Array
(
    [type] => 2
    [message] => set_time_limit() has been disabled for security reasons
    [file] => /home/vol6_6/epizy.com/epiz_28327718/htdocs/projects/store/wp-content/plugins/backup-backup/includes/initializer.php
    [line] => 141
)

[2021-06-10 14:56:13] [ERROR] There was an error before request shutdown (but it was not logged to backup/restore log)
[2021-06-10 14:56:13] [ERROR] Error message: set_time_limit() has been disabled for security reasons
[2021-06-10 14:56:13] [ERROR] Error file/line: /home/vol6_6/epizy.com/epiz_28327718/htdocs/projects/store/wp-content/plugins/backup-backup/includes/initializer.php|141
[2021-06-10 14:56:19] [ERROR] Shuted down
[2021-06-10 14:56:19] [ERROR] Array
(
    [type] => 2
    [message] => set_time_limit() has been disabled for security reasons
    [file] => /home/vol6_6/epizy.com/epiz_28327718/htdocs/projects/store/wp-content/plugins/backup-backup/includes/initializer.php
    [line] => 141
)

[2021-06-10 14:56:19] [ERROR] There was an error before request shutdown (but it was not logged to backup/restore log)
[2021-06-10 14:56:19] [ERROR] Error message: set_time_limit() has been disabled for security reasons
[2021-06-10 14:56:19] [ERROR] Error file/line: /home/vol6_6/epizy.com/epiz_28327718/htdocs/projects/store/wp-content/plugins/backup-backup/includes/initializer.php|141
[2021-06-10 14:56:19] [ERROR] Shuted down
[2021-06-10 14:56:19] [ERROR] Array
(
    [type] => 2
    [message] => set_time_limit() has been disabled for security reasons
    [file] => /home/vol6_6/epizy.com/epiz_28327718/htdocs/projects/store/wp-content/plugins/backup-backup/includes/initializer.php
    [line] => 141
)

[2021-06-10 14:56:19] [ERROR] There was an error before request shutdown (but it was not logged to backup/restore log)
[2021-06-10 14:56:19] [ERROR] Error message: set_time_limit() has been disabled for security reasons
[2021-06-10 14:56:19] [ERROR] Error file/line: /home/vol6_6/epizy.com/epiz_28327718/htdocs/projects/store/wp-content/plugins/backup-backup/includes/initializer.php|141
[2021-06-10 14:56:25] [ERROR] Shuted down
[2021-06-10 14:56:25] [ERROR] Array
(
    [type] => 2
    [message] => set_time_limit() has been disabled for security reasons
    [file] => /home/vol6_6/epizy.com/epiz_28327718/htdocs/projects/store/wp-content/plugins/backup-backup/includes/initializer.php
    [line] => 141
)

[2021-06-10 14:56:25] [ERROR] There was an error before request shutdown (but it was not logged to backup/restore log)
[2021-06-10 14:56:25] [ERROR] Error message: set_time_limit() has been disabled for security reasons
[2021-06-10 14:56:25] [ERROR] Error file/line: /home/vol6_6/epizy.com/epiz_28327718/htdocs/projects/store/wp-content/plugins/backup-backup/includes/initializer.php|141
[2021-06-10 14:56:32] [ERROR] Shuted down
[2021-06-10 14:56:32] [ERROR] Array
(
    [type] => 2
    [message] => set_time_limit() has been disabled for security reasons
    [file] => /home/vol6_6/epizy.com/epiz_28327718/htdocs/projects/store/wp-content/plugins/backup-backup/includes/initializer.php
    [line] => 141
)

[2021-06-10 14:56:32] [ERROR] There was an error before request shutdown (but it was not logged to backup/restore log)
[2021-06-10 14:56:32] [ERROR] Error message: set_time_limit() has been disabled for security reasons
[2021-06-10 14:56:32] [ERROR] Error file/line: /home/vol6_6/epizy.com/epiz_28327718/htdocs/projects/store/wp-content/plugins/backup-backup/includes/initializer.php|141
[2021-06-10 14:56:32] [ERROR] Shuted down
[2021-06-10 14:56:32] [ERROR] Array
(
    [type] => 2
    [message] => set_time_limit() has been disabled for security reasons
    [file] => /home/vol6_6/epizy.com/epiz_28327718/htdocs/projects/store/wp-content/plugins/backup-backup/includes/initializer.php
    [line] => 141
)

[2021-06-10 14:56:32] [ERROR] There was an error before request shutdown (but it was not logged to backup/restore log)
[2021-06-10 14:56:32] [ERROR] Error message: set_time_limit() has been disabled for security reasons
[2021-06-10 14:56:32] [ERROR] Error file/line: /home/vol6_6/epizy.com/epiz_28327718/htdocs/projects/store/wp-content/plugins/backup-backup/includes/initializer.php|141
[2021-06-10 14:56:34] [ERROR] Shuted down
[2021-06-10 14:56:34] [ERROR] Array
(
    [type] => 2
    [message] => set_time_limit() has been disabled for security reasons
    [file] => /home/vol6_6/epizy.com/epiz_28327718/htdocs/projects/store/wp-content/plugins/backup-backup/includes/initializer.php
    [line] => 141
)

[2021-06-10 14:56:34] [ERROR] There was an error before request shutdown (but it was not logged to backup/restore log)
[2021-06-10 14:56:34] [ERROR] Error message: set_time_limit() has been disabled for security reasons
[2021-06-10 14:56:34] [ERROR] Error file/line: /home/vol6_6/epizy.com/epiz_28327718/htdocs/projects/store/wp-content/plugins/backup-backup/includes/initializer.php|141
[2021-06-10 14:56:34] [ERROR] Shuted down
[2021-06-10 14:56:34] [ERROR] Array
(
    [type] => 2
    [message] => set_time_limit() has been disabled for security reasons
    [file] => /home/vol6_6/epizy.com/epiz_28327718/htdocs/projects/store/wp-content/plugins/backup-backup/includes/initializer.php
    [line] => 141
)

[2021-06-10 14:56:34] [ERROR] There was an error before request shutdown (but it was not logged to backup/restore log)
[2021-06-10 14:56:34] [ERROR] Error message: set_time_limit() has been disabled for security reasons
[2021-06-10 14:56:34] [ERROR] Error file/line: /home/vol6_6/epizy.com/epiz_28327718/htdocs/projects/store/wp-content/plugins/backup-backup/includes/initializer.php|141
[2021-06-10 14:56:35] [ERROR] Shuted down
[2021-06-10 14:56:35] [ERROR] Array
(
    [type] => 2
    [message] => set_time_limit() has been disabled for security reasons
    [file] => /home/vol6_6/epizy.com/epiz_28327718/htdocs/projects/store/wp-content/plugins/backup-backup/includes/initializer.php
    [line] => 141
)

[2021-06-10 14:56:35] [ERROR] There was an error before request shutdown (but it was not logged to backup/restore log)
[2021-06-10 14:56:35] [ERROR] Error message: set_time_limit() has been disabled for security reasons
[2021-06-10 14:56:35] [ERROR] Error file/line: /home/vol6_6/epizy.com/epiz_28327718/htdocs/projects/store/wp-content/plugins/backup-backup/includes/initializer.php|141
[2021-06-10 14:56:38] [ERROR] Shuted down
[2021-06-10 14:56:38] [ERROR] Array
(
    [type] => 2
    [message] => set_time_limit() has been disabled for security reasons
    [file] => /home/vol6_6/epizy.com/epiz_28327718/htdocs/projects/store/wp-content/plugins/backup-backup/includes/initializer.php
    [line] => 141
)

[2021-06-10 14:56:38] [ERROR] There was an error before request shutdown (but it was not logged to backup/restore log)
[2021-06-10 14:56:38] [ERROR] Error message: set_time_limit() has been disabled for security reasons
[2021-06-10 14:56:38] [ERROR] Error file/line: /home/vol6_6/epizy.com/epiz_28327718/htdocs/projects/store/wp-content/plugins/backup-backup/includes/initializer.php|141
[2021-06-10 14:56:42] [ERROR] Shuted down
[2021-06-10 14:56:42] [ERROR] Array
(
    [type] => 2
    [message] => set_time_limit() has been disabled for security reasons
    [file] => /home/vol6_6/epizy.com/epiz_28327718/htdocs/projects/store/wp-content/plugins/backup-backup/includes/initializer.php
    [line] => 141
)

[2021-06-10 14:56:42] [ERROR] There was an error before request shutdown (but it was not logged to backup/restore log)
[2021-06-10 14:56:42] [ERROR] Error message: set_time_limit() has been disabled for security reasons
[2021-06-10 14:56:42] [ERROR] Error file/line: /home/vol6_6/epizy.com/epiz_28327718/htdocs/projects/store/wp-content/plugins/backup-backup/includes/initializer.php|141
[2021-06-10 14:56:44] [ERROR] Shuted down
[2021-06-10 14:56:44] [ERROR] Array
(
    [type] => 2
    [message] => set_time_limit() has been disabled for security reasons
    [file] => /home/vol6_6/epizy.com/epiz_28327718/htdocs/projects/store/wp-content/plugins/backup-backup/includes/initializer.php
    [line] => 141
)

[2021-06-10 14:56:44] [ERROR] There was an error before request shutdown (but it was not logged to backup/restore log)
[2021-06-10 14:56:44] [ERROR] Error message: set_time_limit() has been disabled for security reasons
[2021-06-10 14:56:44] [ERROR] Error file/line: /home/vol6_6/epizy.com/epiz_28327718/htdocs/projects/store/wp-content/plugins/backup-backup/includes/initializer.php|141
[2021-06-10 14:56:44] [ERROR] Shuted down
[2021-06-10 14:56:44] [ERROR] Array
(
    [type] => 2
    [message] => set_time_limit() has been disabled for security reasons
    [file] => /home/vol6_6/epizy.com/epiz_28327718/htdocs/projects/store/wp-content/plugins/backup-backup/includes/initializer.php
    [line] => 141
)

[2021-06-10 14:56:44] [ERROR] There was an error before request shutdown (but it was not logged to backup/restore log)
[2021-06-10 14:56:44] [ERROR] Error message: set_time_limit() has been disabled for security reasons
[2021-06-10 14:56:44] [ERROR] Error file/line: /home/vol6_6/epizy.com/epiz_28327718/htdocs/projects/store/wp-content/plugins/backup-backup/includes/initializer.php|141
[2021-06-10 14:56:45] [ERROR] Shuted down
[2021-06-10 14:56:45] [ERROR] Array
(
    [type] => 2
    [message] => set_time_limit() has been disabled for security reasons
    [file] => /home/vol6_6/epizy.com/epiz_28327718/htdocs/projects/store/wp-content/plugins/backup-backup/includes/initializer.php
    [line] => 141
)

[2021-06-10 14:56:45] [ERROR] There was an error before request shutdown (but it was not logged to backup/restore log)
[2021-06-10 14:56:45] [ERROR] Error message: set_time_limit() has been disabled for security reasons
[2021-06-10 14:56:45] [ERROR] Error file/line: /home/vol6_6/epizy.com/epiz_28327718/htdocs/projects/store/wp-content/plugins/backup-backup/includes/initializer.php|141
[2021-06-10 14:56:52] [ERROR] Shuted down
[2021-06-10 14:56:53] [ERROR] Array
(
    [type] => 2
    [message] => set_time_limit() has been disabled for security reasons
    [file] => /home/vol6_6/epizy.com/epiz_28327718/htdocs/projects/store/wp-content/plugins/backup-backup/includes/initializer.php
    [line] => 141
)

[2021-06-10 14:56:53] [ERROR] There was an error before request shutdown (but it was not logged to backup/restore log)
[2021-06-10 14:56:53] [ERROR] Error message: set_time_limit() has been disabled for security reasons
[2021-06-10 14:56:53] [ERROR] Error file/line: /home/vol6_6/epizy.com/epiz_28327718/htdocs/projects/store/wp-content/plugins/backup-backup/includes/initializer.php|141
[2021-06-10 14:57:05] [ERROR] Shuted down
[2021-06-10 14:57:06] [ERROR] Array
(
    [type] => 2
    [message] => set_time_limit() has been disabled for security reasons
    [file] => /home/vol6_6/epizy.com/epiz_28327718/htdocs/projects/store/wp-content/plugins/backup-backup/includes/initializer.php
    [line] => 141
)

[2021-06-10 14:57:06] [ERROR] There was an error before request shutdown (but it was not logged to backup/restore log)
[2021-06-10 14:57:06] [ERROR] Error message: set_time_limit() has been disabled for security reasons
[2021-06-10 14:57:06] [ERROR] Error file/line: /home/vol6_6/epizy.com/epiz_28327718/htdocs/projects/store/wp-content/plugins/backup-backup/includes/initializer.php|141
[2021-06-10 14:57:22] [ERROR] Shuted down
[2021-06-10 14:57:25] [ERROR] Array
(
    [type] => 2
    [message] => set_time_limit() has been disabled for security reasons
    [file] => /home/vol6_6/epizy.com/epiz_28327718/htdocs/projects/store/wp-content/plugins/backup-backup/includes/initializer.php
    [line] => 141
)

[2021-06-10 14:57:25] [ERROR] There was an error before request shutdown (but it was not logged to backup/restore log)
[2021-06-10 14:57:25] [ERROR] Error message: set_time_limit() has been disabled for security reasons
[2021-06-10 14:57:25] [ERROR] Error file/line: /home/vol6_6/epizy.com/epiz_28327718/htdocs/projects/store/wp-content/plugins/backup-backup/includes/initializer.php|141
[2021-06-10 14:57:24] [ERROR] Shuted down
[2021-06-10 14:57:25] [ERROR] Array
(
    [type] => 2
    [message] => set_time_limit() has been disabled for security reasons
    [file] => /home/vol6_6/epizy.com/epiz_28327718/htdocs/projects/store/wp-content/plugins/backup-backup/includes/initializer.php
    [line] => 141
)

[2021-06-10 14:57:25] [ERROR] There was an error before request shutdown (but it was not logged to backup/restore log)
[2021-06-10 14:57:25] [ERROR] Error message: set_time_limit() has been disabled for security reasons
[2021-06-10 14:57:25] [ERROR] Error file/line: /home/vol6_6/epizy.com/epiz_28327718/htdocs/projects/store/wp-content/plugins/backup-backup/includes/initializer.php|141
[2021-06-10 14:57:38] [ERROR] Shuted down
[2021-06-10 14:57:39] [ERROR] Array
(
    [type] => 2
    [message] => set_time_limit() has been disabled for security reasons
    [file] => /home/vol6_6/epizy.com/epiz_28327718/htdocs/projects/store/wp-content/plugins/backup-backup/includes/initializer.php
    [line] => 141
)

[2021-06-10 14:57:39] [ERROR] There was an error before request shutdown (but it was not logged to backup/restore log)
[2021-06-10 14:57:39] [ERROR] Error message: set_time_limit() has been disabled for security reasons
[2021-06-10 14:57:39] [ERROR] Error file/line: /home/vol6_6/epizy.com/epiz_28327718/htdocs/projects/store/wp-content/plugins/backup-backup/includes/initializer.php|141
[2021-06-10 14:57:40] [ERROR] Shuted down
[2021-06-10 14:57:40] [ERROR] Array
(
    [type] => 2
    [message] => set_time_limit() has been disabled for security reasons
    [file] => /home/vol6_6/epizy.com/epiz_28327718/htdocs/projects/store/wp-content/plugins/backup-backup/includes/initializer.php
    [line] => 141
)

[2021-06-10 14:57:40] [ERROR] There was an error before request shutdown (but it was not logged to backup/restore log)
[2021-06-10 14:57:40] [ERROR] Error message: set_time_limit() has been disabled for security reasons
[2021-06-10 14:57:40] [ERROR] Error file/line: /home/vol6_6/epizy.com/epiz_28327718/htdocs/projects/store/wp-content/plugins/backup-backup/includes/initializer.php|141
[2021-06-10 14:57:57] [ERROR] Shuted down
[2021-06-10 14:57:58] [ERROR] Array
(
    [type] => 2
    [message] => set_time_limit() has been disabled for security reasons
    [file] => /home/vol6_6/epizy.com/epiz_28327718/htdocs/projects/store/wp-content/plugins/backup-backup/includes/initializer.php
    [line] => 141
)

[2021-06-10 14:57:58] [ERROR] There was an error before request shutdown (but it was not logged to backup/restore log)
[2021-06-10 14:57:58] [ERROR] Error message: set_time_limit() has been disabled for security reasons
[2021-06-10 14:57:58] [ERROR] Error file/line: /home/vol6_6/epizy.com/epiz_28327718/htdocs/projects/store/wp-content/plugins/backup-backup/includes/initializer.php|141
[2021-06-10 14:57:58] [ERROR] Shuted down
[2021-06-10 14:57:58] [ERROR] Array
(
    [type] => 2
    [message] => set_time_limit() has been disabled for security reasons
    [file] => /home/vol6_6/epizy.com/epiz_28327718/htdocs/projects/store/wp-content/plugins/backup-backup/includes/initializer.php
    [line] => 141
)

[2021-06-10 14:57:58] [ERROR] There was an error before request shutdown (but it was not logged to backup/restore log)
[2021-06-10 14:57:58] [ERROR] Error message: set_time_limit() has been disabled for security reasons
[2021-06-10 14:57:58] [ERROR] Error file/line: /home/vol6_6/epizy.com/epiz_28327718/htdocs/projects/store/wp-content/plugins/backup-backup/includes/initializer.php|141
[2021-06-10 14:58:00] [ERROR] Shuted down
[2021-06-10 14:58:00] [ERROR] Array
(
    [type] => 2
    [message] => set_time_limit() has been disabled for security reasons
    [file] => /home/vol6_6/epizy.com/epiz_28327718/htdocs/projects/store/wp-content/plugins/backup-backup/includes/initializer.php
    [line] => 141
)

[2021-06-10 14:58:00] [ERROR] There was an error before request shutdown (but it was not logged to backup/restore log)
[2021-06-10 14:58:00] [ERROR] Error message: set_time_limit() has been disabled for security reasons
[2021-06-10 14:58:00] [ERROR] Error file/line: /home/vol6_6/epizy.com/epiz_28327718/htdocs/projects/store/wp-content/plugins/backup-backup/includes/initializer.php|141
[2021-06-10 14:58:00] [ERROR] Shuted down
[2021-06-10 14:58:00] [ERROR] Array
(
    [type] => 2
    [message] => set_time_limit() has been disabled for security reasons
    [file] => /home/vol6_6/epizy.com/epiz_28327718/htdocs/projects/store/wp-content/plugins/backup-backup/includes/initializer.php
    [line] => 141
)

[2021-06-10 14:58:00] [ERROR] There was an error before request shutdown (but it was not logged to backup/restore log)
[2021-06-10 14:58:00] [ERROR] Error message: set_time_limit() has been disabled for security reasons
[2021-06-10 14:58:00] [ERROR] Error file/line: /home/vol6_6/epizy.com/epiz_28327718/htdocs/projects/store/wp-content/plugins/backup-backup/includes/initializer.php|141
[2021-06-10 14:58:02] [ERROR] Shuted down
[2021-06-10 14:58:02] [ERROR] Array
(
    [type] => 2
    [message] => set_time_limit() has been disabled for security reasons
    [file] => /home/vol6_6/epizy.com/epiz_28327718/htdocs/projects/store/wp-content/plugins/backup-backup/includes/initializer.php
    [line] => 141
)

[2021-06-10 14:58:02] [ERROR] There was an error before request shutdown (but it was not logged to backup/restore log)
[2021-06-10 14:58:02] [ERROR] Error message: set_time_limit() has been disabled for security reasons
[2021-06-10 14:58:02] [ERROR] Error file/line: /home/vol6_6/epizy.com/epiz_28327718/htdocs/projects/store/wp-content/plugins/backup-backup/includes/initializer.php|141
[2021-06-10 14:58:04] [ERROR] Shuted down
[2021-06-10 14:58:04] [ERROR] Array
(
    [type] => 2
    [message] => set_time_limit() has been disabled for security reasons
    [file] => /home/vol6_6/epizy.com/epiz_28327718/htdocs/projects/store/wp-content/plugins/backup-backup/includes/initializer.php
    [line] => 141
)

[2021-06-10 14:58:04] [ERROR] There was an error before request shutdown (but it was not logged to backup/restore log)
[2021-06-10 14:58:04] [ERROR] Error message: set_time_limit() has been disabled for security reasons
[2021-06-10 14:58:04] [ERROR] Error file/line: /home/vol6_6/epizy.com/epiz_28327718/htdocs/projects/store/wp-content/plugins/backup-backup/includes/initializer.php|141
[2021-06-10 14:58:14] [ERROR] Shuted down
[2021-06-10 14:58:14] [ERROR] Array
(
    [type] => 2
    [message] => set_time_limit() has been disabled for security reasons
    [file] => /home/vol6_6/epizy.com/epiz_28327718/htdocs/projects/store/wp-content/plugins/backup-backup/includes/initializer.php
    [line] => 141
)

[2021-06-10 14:58:14] [ERROR] There was an error before request shutdown (but it was not logged to backup/restore log)
[2021-06-10 14:58:14] [ERROR] Error message: set_time_limit() has been disabled for security reasons
[2021-06-10 14:58:14] [ERROR] Error file/line: /home/vol6_6/epizy.com/epiz_28327718/htdocs/projects/store/wp-content/plugins/backup-backup/includes/initializer.php|141
[2021-06-10 14:58:14] [ERROR] Shuted down
[2021-06-10 14:58:14] [ERROR] Array
(
    [type] => 2
    [message] => set_time_limit() has been disabled for security reasons
    [file] => /home/vol6_6/epizy.com/epiz_28327718/htdocs/projects/store/wp-content/plugins/backup-backup/includes/initializer.php
    [line] => 141
)

[2021-06-10 14:58:14] [ERROR] There was an error before request shutdown (but it was not logged to backup/restore log)
[2021-06-10 14:58:14] [ERROR] Error message: set_time_limit() has been disabled for security reasons
[2021-06-10 14:58:14] [ERROR] Error file/line: /home/vol6_6/epizy.com/epiz_28327718/htdocs/projects/store/wp-content/plugins/backup-backup/includes/initializer.php|141
[2021-06-10 14:58:14] [ERROR] Shuted down
[2021-06-10 14:58:14] [ERROR] Array
(
    [type] => 2
    [message] => set_time_limit() has been disabled for security reasons
    [file] => /home/vol6_6/epizy.com/epiz_28327718/htdocs/projects/store/wp-content/plugins/backup-backup/includes/initializer.php
    [line] => 141
)

[2021-06-10 14:58:14] [ERROR] There was an error before request shutdown (but it was not logged to backup/restore log)
[2021-06-10 14:58:14] [ERROR] Error message: set_time_limit() has been disabled for security reasons
[2021-06-10 14:58:14] [ERROR] Error file/line: /home/vol6_6/epizy.com/epiz_28327718/htdocs/projects/store/wp-content/plugins/backup-backup/includes/initializer.php|141
[2021-06-10 14:58:14] [ERROR] Shuted down
[2021-06-10 14:58:14] [ERROR] Array
(
    [type] => 2
    [message] => set_time_limit() has been disabled for security reasons
    [file] => /home/vol6_6/epizy.com/epiz_28327718/htdocs/projects/store/wp-content/plugins/backup-backup/includes/initializer.php
    [line] => 141
)

[2021-06-10 14:58:14] [ERROR] There was an error before request shutdown (but it was not logged to backup/restore log)
[2021-06-10 14:58:14] [ERROR] Error message: set_time_limit() has been disabled for security reasons
[2021-06-10 14:58:14] [ERROR] Error file/line: /home/vol6_6/epizy.com/epiz_28327718/htdocs/projects/store/wp-content/plugins/backup-backup/includes/initializer.php|141
[2021-06-10 14:58:14] [ERROR] Shuted down
[2021-06-10 14:58:14] [ERROR] Array
(
    [type] => 2
    [message] => set_time_limit() has been disabled for security reasons
    [file] => /home/vol6_6/epizy.com/epiz_28327718/htdocs/projects/store/wp-content/plugins/backup-backup/includes/initializer.php
    [line] => 141
)

[2021-06-10 14:58:14] [ERROR] There was an error before request shutdown (but it was not logged to backup/restore log)
[2021-06-10 14:58:14] [ERROR] Error message: set_time_limit() has been disabled for security reasons
[2021-06-10 14:58:14] [ERROR] Error file/line: /home/vol6_6/epizy.com/epiz_28327718/htdocs/projects/store/wp-content/plugins/backup-backup/includes/initializer.php|141
[2021-06-10 14:58:15] [ERROR] Shuted down
[2021-06-10 14:58:15] [ERROR] Array
(
    [type] => 2
    [message] => set_time_limit() has been disabled for security reasons
    [file] => /home/vol6_6/epizy.com/epiz_28327718/htdocs/projects/store/wp-content/plugins/backup-backup/includes/initializer.php
    [line] => 141
)

[2021-06-10 14:58:15] [ERROR] There was an error before request shutdown (but it was not logged to backup/restore log)
[2021-06-10 14:58:15] [ERROR] Error message: set_time_limit() has been disabled for security reasons
[2021-06-10 14:58:15] [ERROR] Error file/line: /home/vol6_6/epizy.com/epiz_28327718/htdocs/projects/store/wp-content/plugins/backup-backup/includes/initializer.php|141
[2021-06-10 14:58:17] [ERROR] Shuted down
[2021-06-10 14:58:17] [ERROR] Array
(
    [type] => 2
    [message] => set_time_limit() has been disabled for security reasons
    [file] => /home/vol6_6/epizy.com/epiz_28327718/htdocs/projects/store/wp-content/plugins/backup-backup/includes/initializer.php
    [line] => 141
)

[2021-06-10 14:58:17] [ERROR] There was an error before request shutdown (but it was not logged to backup/restore log)
[2021-06-10 14:58:17] [ERROR] Error message: set_time_limit() has been disabled for security reasons
[2021-06-10 14:58:17] [ERROR] Error file/line: /home/vol6_6/epizy.com/epiz_28327718/htdocs/projects/store/wp-content/plugins/backup-backup/includes/initializer.php|141
[2021-06-10 14:58:17] [ERROR] Shuted down
[2021-06-10 14:58:17] [ERROR] Array
(
    [type] => 2
    [message] => set_time_limit() has been disabled for security reasons
    [file] => /home/vol6_6/epizy.com/epiz_28327718/htdocs/projects/store/wp-content/plugins/backup-backup/includes/initializer.php
    [line] => 141
)

[2021-06-10 14:58:17] [ERROR] There was an error before request shutdown (but it was not logged to backup/restore log)
[2021-06-10 14:58:17] [ERROR] Error message: set_time_limit() has been disabled for security reasons
[2021-06-10 14:58:17] [ERROR] Error file/line: /home/vol6_6/epizy.com/epiz_28327718/htdocs/projects/store/wp-content/plugins/backup-backup/includes/initializer.php|141
[2021-06-10 14:58:17] [ERROR] Shuted down
[2021-06-10 14:58:17] [ERROR] Array
(
    [type] => 2
    [message] => set_time_limit() has been disabled for security reasons
    [file] => /home/vol6_6/epizy.com/epiz_28327718/htdocs/projects/store/wp-content/plugins/backup-backup/includes/initializer.php
    [line] => 141
)

[2021-06-10 14:58:17] [ERROR] There was an error before request shutdown (but it was not logged to backup/restore log)
[2021-06-10 14:58:17] [ERROR] Error message: set_time_limit() has been disabled for security reasons
[2021-06-10 14:58:17] [ERROR] Error file/line: /home/vol6_6/epizy.com/epiz_28327718/htdocs/projects/store/wp-content/plugins/backup-backup/includes/initializer.php|141
[2021-06-10 14:58:20] [ERROR] Shuted down
[2021-06-10 14:58:20] [ERROR] Array
(
    [type] => 2
    [message] => set_time_limit() has been disabled for security reasons
    [file] => /home/vol6_6/epizy.com/epiz_28327718/htdocs/projects/store/wp-content/plugins/backup-backup/includes/initializer.php
    [line] => 141
)

[2021-06-10 14:58:20] [ERROR] There was an error before request shutdown (but it was not logged to backup/restore log)
[2021-06-10 14:58:20] [ERROR] Error message: set_time_limit() has been disabled for security reasons
[2021-06-10 14:58:20] [ERROR] Error file/line: /home/vol6_6/epizy.com/epiz_28327718/htdocs/projects/store/wp-content/plugins/backup-backup/includes/initializer.php|141
[2021-06-10 14:58:25] [ERROR] Shuted down
[2021-06-10 14:58:25] [ERROR] Array
(
    [type] => 2
    [message] => set_time_limit() has been disabled for security reasons
    [file] => /home/vol6_6/epizy.com/epiz_28327718/htdocs/projects/store/wp-content/plugins/backup-backup/includes/initializer.php
    [line] => 141
)

[2021-06-10 14:58:25] [ERROR] There was an error before request shutdown (but it was not logged to backup/restore log)
[2021-06-10 14:58:25] [ERROR] Error message: set_time_limit() has been disabled for security reasons
[2021-06-10 14:58:25] [ERROR] Error file/line: /home/vol6_6/epizy.com/epiz_28327718/htdocs/projects/store/wp-content/plugins/backup-backup/includes/initializer.php|141
[2021-06-10 14:58:31] [ERROR] Shuted down
[2021-06-10 14:58:31] [ERROR] Array
(
    [type] => 2
    [message] => set_time_limit() has been disabled for security reasons
    [file] => /home/vol6_6/epizy.com/epiz_28327718/htdocs/projects/store/wp-content/plugins/backup-backup/includes/initializer.php
    [line] => 141
)

[2021-06-10 14:58:31] [ERROR] There was an error before request shutdown (but it was not logged to backup/restore log)
[2021-06-10 14:58:31] [ERROR] Error message: set_time_limit() has been disabled for security reasons
[2021-06-10 14:58:31] [ERROR] Error file/line: /home/vol6_6/epizy.com/epiz_28327718/htdocs/projects/store/wp-content/plugins/backup-backup/includes/initializer.php|141
[2021-06-10 14:58:32] [ERROR] Shuted down
[2021-06-10 14:58:32] [ERROR] Array
(
    [type] => 2
    [message] => set_time_limit() has been disabled for security reasons
    [file] => /home/vol6_6/epizy.com/epiz_28327718/htdocs/projects/store/wp-content/plugins/backup-backup/includes/initializer.php
    [line] => 141
)

[2021-06-10 14:58:32] [ERROR] There was an error before request shutdown (but it was not logged to backup/restore log)
[2021-06-10 14:58:32] [ERROR] Error message: set_time_limit() has been disabled for security reasons
[2021-06-10 14:58:32] [ERROR] Error file/line: /home/vol6_6/epizy.com/epiz_28327718/htdocs/projects/store/wp-content/plugins/backup-backup/includes/initializer.php|141
[2021-06-10 14:58:36] [ERROR] Shuted down
[2021-06-10 14:58:37] [ERROR] Array
(
    [type] => 2
    [message] => set_time_limit() has been disabled for security reasons
    [file] => /home/vol6_6/epizy.com/epiz_28327718/htdocs/projects/store/wp-content/plugins/backup-backup/includes/initializer.php
    [line] => 141
)

[2021-06-10 14:58:37] [ERROR] There was an error before request shutdown (but it was not logged to backup/restore log)
[2021-06-10 14:58:37] [ERROR] Error message: set_time_limit() has been disabled for security reasons
[2021-06-10 14:58:37] [ERROR] Error file/line: /home/vol6_6/epizy.com/epiz_28327718/htdocs/projects/store/wp-content/plugins/backup-backup/includes/initializer.php|141
[2021-06-10 14:58:37] [ERROR] Shuted down
[2021-06-10 14:58:37] [ERROR] Array
(
    [type] => 2
    [message] => set_time_limit() has been disabled for security reasons
    [file] => /home/vol6_6/epizy.com/epiz_28327718/htdocs/projects/store/wp-content/plugins/backup-backup/includes/initializer.php
    [line] => 141
)

[2021-06-10 14:58:37] [ERROR] There was an error before request shutdown (but it was not logged to backup/restore log)
[2021-06-10 14:58:37] [ERROR] Error message: set_time_limit() has been disabled for security reasons
[2021-06-10 14:58:37] [ERROR] Error file/line: /home/vol6_6/epizy.com/epiz_28327718/htdocs/projects/store/wp-content/plugins/backup-backup/includes/initializer.php|141
[2021-06-10 14:58:38] [ERROR] Shuted down
[2021-06-10 14:58:38] [ERROR] Array
(
    [type] => 2
    [message] => set_time_limit() has been disabled for security reasons
    [file] => /home/vol6_6/epizy.com/epiz_28327718/htdocs/projects/store/wp-content/plugins/backup-backup/includes/initializer.php
    [line] => 141
)

[2021-06-10 14:58:38] [ERROR] There was an error before request shutdown (but it was not logged to backup/restore log)
[2021-06-10 14:58:38] [ERROR] Error message: set_time_limit() has been disabled for security reasons
[2021-06-10 14:58:38] [ERROR] Error file/line: /home/vol6_6/epizy.com/epiz_28327718/htdocs/projects/store/wp-content/plugins/backup-backup/includes/initializer.php|141
[2021-06-10 14:58:51] [ERROR] Shuted down
[2021-06-10 14:58:52] [ERROR] Array
(
    [type] => 2
    [message] => set_time_limit() has been disabled for security reasons
    [file] => /home/vol6_6/epizy.com/epiz_28327718/htdocs/projects/store/wp-content/plugins/backup-backup/includes/initializer.php
    [line] => 141
)

[2021-06-10 14:58:52] [ERROR] There was an error before request shutdown (but it was not logged to backup/restore log)
[2021-06-10 14:58:52] [ERROR] Error message: set_time_limit() has been disabled for security reasons
[2021-06-10 14:58:52] [ERROR] Error file/line: /home/vol6_6/epizy.com/epiz_28327718/htdocs/projects/store/wp-content/plugins/backup-backup/includes/initializer.php|141
[2021-06-10 14:58:57] [ERROR] Shuted down
[2021-06-10 14:58:58] [ERROR] Array
(
    [type] => 2
    [message] => set_time_limit() has been disabled for security reasons
    [file] => /home/vol6_6/epizy.com/epiz_28327718/htdocs/projects/store/wp-content/plugins/backup-backup/includes/initializer.php
    [line] => 141
)

[2021-06-10 14:58:58] [ERROR] There was an error before request shutdown (but it was not logged to backup/restore log)
[2021-06-10 14:58:58] [ERROR] Error message: set_time_limit() has been disabled for security reasons
[2021-06-10 14:58:58] [ERROR] Error file/line: /home/vol6_6/epizy.com/epiz_28327718/htdocs/projects/store/wp-content/plugins/backup-backup/includes/initializer.php|141
[2021-06-10 14:59:01] [ERROR] Shuted down
[2021-06-10 14:59:01] [ERROR] Array
(
    [type] => 2
    [message] => set_time_limit() has been disabled for security reasons
    [file] => /home/vol6_6/epizy.com/epiz_28327718/htdocs/projects/store/wp-content/plugins/backup-backup/includes/initializer.php
    [line] => 141
)

[2021-06-10 14:59:01] [ERROR] There was an error before request shutdown (but it was not logged to backup/restore log)
[2021-06-10 14:59:01] [ERROR] Error message: set_time_limit() has been disabled for security reasons
[2021-06-10 14:59:01] [ERROR] Error file/line: /home/vol6_6/epizy.com/epiz_28327718/htdocs/projects/store/wp-content/plugins/backup-backup/includes/initializer.php|141
[2021-06-10 14:59:23] [LOG] Plugin has been deactivated
[2021-06-10 14:59:50] [LOG] Plugin has been activated
[2021-06-10 15:00:10] [ERROR] Shuted down
[2021-06-10 15:00:10] [ERROR] Array
(
    [type] => 2
    [message] => set_time_limit() has been disabled for security reasons
    [file] => /home/vol6_6/epizy.com/epiz_28327718/htdocs/projects/store/wp-content/plugins/backup-backup/includes/initializer.php
    [line] => 141
)

[2021-06-10 15:00:10] [ERROR] There was an error before request shutdown (but it was not logged to backup/restore log)
[2021-06-10 15:00:10] [ERROR] Error message: set_time_limit() has been disabled for security reasons
[2021-06-10 15:00:10] [ERROR] Error file/line: /home/vol6_6/epizy.com/epiz_28327718/htdocs/projects/store/wp-content/plugins/backup-backup/includes/initializer.php|141
[2021-06-10 15:00:10] [ERROR] Shuted down
[2021-06-10 15:00:10] [ERROR] Array
(
    [type] => 2
    [message] => set_time_limit() has been disabled for security reasons
    [file] => /home/vol6_6/epizy.com/epiz_28327718/htdocs/projects/store/wp-content/plugins/backup-backup/includes/initializer.php
    [line] => 141
)

[2021-06-10 15:00:10] [ERROR] There was an error before request shutdown (but it was not logged to backup/restore log)
[2021-06-10 15:00:10] [ERROR] Error message: set_time_limit() has been disabled for security reasons
[2021-06-10 15:00:10] [ERROR] Error file/line: /home/vol6_6/epizy.com/epiz_28327718/htdocs/projects/store/wp-content/plugins/backup-backup/includes/initializer.php|141
[2021-06-10 15:00:11] [ERROR] Shuted down
[2021-06-10 15:00:11] [ERROR] Array
(
    [type] => 2
    [message] => set_time_limit() has been disabled for security reasons
    [file] => /home/vol6_6/epizy.com/epiz_28327718/htdocs/projects/store/wp-content/plugins/backup-backup/includes/initializer.php
    [line] => 141
)

[2021-06-10 15:00:11] [ERROR] There was an error before request shutdown (but it was not logged to backup/restore log)
[2021-06-10 15:00:11] [ERROR] Error message: set_time_limit() has been disabled for security reasons
[2021-06-10 15:00:11] [ERROR] Error file/line: /home/vol6_6/epizy.com/epiz_28327718/htdocs/projects/store/wp-content/plugins/backup-backup/includes/initializer.php|141
[2021-06-10 15:00:11] [ERROR] Shuted down
[2021-06-10 15:00:11] [ERROR] Array
(
    [type] => 2
    [message] => set_time_limit() has been disabled for security reasons
    [file] => /home/vol6_6/epizy.com/epiz_28327718/htdocs/projects/store/wp-content/plugins/backup-backup/includes/initializer.php
    [line] => 141
)

[2021-06-10 15:00:11] [ERROR] There was an error before request shutdown (but it was not logged to backup/restore log)
[2021-06-10 15:00:11] [ERROR] Error message: set_time_limit() has been disabled for security reasons
[2021-06-10 15:00:11] [ERROR] Error file/line: /home/vol6_6/epizy.com/epiz_28327718/htdocs/projects/store/wp-content/plugins/backup-backup/includes/initializer.php|141
[2021-06-10 15:00:11] [ERROR] Shuted down
[2021-06-10 15:00:11] [ERROR] Array
(
    [type] => 2
    [message] => set_time_limit() has been disabled for security reasons
    [file] => /home/vol6_6/epizy.com/epiz_28327718/htdocs/projects/store/wp-content/plugins/backup-backup/includes/initializer.php
    [line] => 141
)

[2021-06-10 15:00:11] [ERROR] There was an error before request shutdown (but it was not logged to backup/restore log)
[2021-06-10 15:00:11] [ERROR] Error message: set_time_limit() has been disabled for security reasons
[2021-06-10 15:00:11] [ERROR] Error file/line: /home/vol6_6/epizy.com/epiz_28327718/htdocs/projects/store/wp-content/plugins/backup-backup/includes/initializer.php|141
[2021-06-10 15:00:11] [ERROR] Shuted down
[2021-06-10 15:00:11] [ERROR] Array
(
    [type] => 2
    [message] => set_time_limit() has been disabled for security reasons
    [file] => /home/vol6_6/epizy.com/epiz_28327718/htdocs/projects/store/wp-content/plugins/backup-backup/includes/initializer.php
    [line] => 141
)

[2021-06-10 15:00:11] [ERROR] There was an error before request shutdown (but it was not logged to backup/restore log)
[2021-06-10 15:00:11] [ERROR] Error message: set_time_limit() has been disabled for security reasons
[2021-06-10 15:00:11] [ERROR] Error file/line: /home/vol6_6/epizy.com/epiz_28327718/htdocs/projects/store/wp-content/plugins/backup-backup/includes/initializer.php|141
[2021-06-10 15:00:14] [ERROR] Shuted down
[2021-06-10 15:00:14] [ERROR] Array
(
    [type] => 2
    [message] => set_time_limit() has been disabled for security reasons
    [file] => /home/vol6_6/epizy.com/epiz_28327718/htdocs/projects/store/wp-content/plugins/backup-backup/includes/initializer.php
    [line] => 141
)

[2021-06-10 15:00:14] [ERROR] There was an error before request shutdown (but it was not logged to backup/restore log)
[2021-06-10 15:00:14] [ERROR] Error message: set_time_limit() has been disabled for security reasons
[2021-06-10 15:00:14] [ERROR] Error file/line: /home/vol6_6/epizy.com/epiz_28327718/htdocs/projects/store/wp-content/plugins/backup-backup/includes/initializer.php|141
[2021-06-10 15:00:14] [ERROR] Shuted down
[2021-06-10 15:00:14] [ERROR] Array
(
    [type] => 2
    [message] => set_time_limit() has been disabled for security reasons
    [file] => /home/vol6_6/epizy.com/epiz_28327718/htdocs/projects/store/wp-content/plugins/backup-backup/includes/initializer.php
    [line] => 141
)

[2021-06-10 15:00:14] [ERROR] There was an error before request shutdown (but it was not logged to backup/restore log)
[2021-06-10 15:00:14] [ERROR] Error message: set_time_limit() has been disabled for security reasons
[2021-06-10 15:00:14] [ERROR] Error file/line: /home/vol6_6/epizy.com/epiz_28327718/htdocs/projects/store/wp-content/plugins/backup-backup/includes/initializer.php|141
[2021-06-10 15:00:14] [ERROR] Shuted down
[2021-06-10 15:00:14] [ERROR] Array
(
    [type] => 2
    [message] => set_time_limit() has been disabled for security reasons
    [file] => /home/vol6_6/epizy.com/epiz_28327718/htdocs/projects/store/wp-content/plugins/backup-backup/includes/initializer.php
    [line] => 141
)

[2021-06-10 15:00:14] [ERROR] There was an error before request shutdown (but it was not logged to backup/restore log)
[2021-06-10 15:00:14] [ERROR] Error message: set_time_limit() has been disabled for security reasons
[2021-06-10 15:00:14] [ERROR] Error file/line: /home/vol6_6/epizy.com/epiz_28327718/htdocs/projects/store/wp-content/plugins/backup-backup/includes/initializer.php|141
[2021-06-10 15:00:16] [ERROR] Shuted down
[2021-06-10 15:00:16] [ERROR] Array
(
    [type] => 2
    [message] => set_time_limit() has been disabled for security reasons
    [file] => /home/vol6_6/epizy.com/epiz_28327718/htdocs/projects/store/wp-content/plugins/backup-backup/includes/initializer.php
    [line] => 141
)

[2021-06-10 15:00:16] [ERROR] There was an error before request shutdown (but it was not logged to backup/restore log)
[2021-06-10 15:00:16] [ERROR] Error message: set_time_limit() has been disabled for security reasons
[2021-06-10 15:00:16] [ERROR] Error file/line: /home/vol6_6/epizy.com/epiz_28327718/htdocs/projects/store/wp-content/plugins/backup-backup/includes/initializer.php|141
[2021-06-10 15:00:22] [ERROR] Shuted down
[2021-06-10 15:00:22] [ERROR] Array
(
    [type] => 2
    [message] => set_time_limit() has been disabled for security reasons
    [file] => /home/vol6_6/epizy.com/epiz_28327718/htdocs/projects/store/wp-content/plugins/backup-backup/includes/initializer.php
    [line] => 141
)

[2021-06-10 15:00:22] [ERROR] There was an error before request shutdown (but it was not logged to backup/restore log)
[2021-06-10 15:00:22] [ERROR] Error message: set_time_limit() has been disabled for security reasons
[2021-06-10 15:00:22] [ERROR] Error file/line: /home/vol6_6/epizy.com/epiz_28327718/htdocs/projects/store/wp-content/plugins/backup-backup/includes/initializer.php|141
[2021-06-10 15:00:27] [ERROR] Shuted down
[2021-06-10 15:00:27] [ERROR] Array
(
    [type] => 2
    [message] => set_time_limit() has been disabled for security reasons
    [file] => /home/vol6_6/epizy.com/epiz_28327718/htdocs/projects/store/wp-content/plugins/backup-backup/includes/initializer.php
    [line] => 141
)

[2021-06-10 15:00:27] [ERROR] There was an error before request shutdown (but it was not logged to backup/restore log)
[2021-06-10 15:00:27] [ERROR] Error message: set_time_limit() has been disabled for security reasons
[2021-06-10 15:00:27] [ERROR] Error file/line: /home/vol6_6/epizy.com/epiz_28327718/htdocs/projects/store/wp-content/plugins/backup-backup/includes/initializer.php|141
[2021-06-10 15:00:33] [ERROR] Shuted down
[2021-06-10 15:00:33] [ERROR] Array
(
    [type] => 2
    [message] => set_time_limit() has been disabled for security reasons
    [file] => /home/vol6_6/epizy.com/epiz_28327718/htdocs/projects/store/wp-content/plugins/backup-backup/includes/initializer.php
    [line] => 141
)

[2021-06-10 15:00:33] [ERROR] There was an error before request shutdown (but it was not logged to backup/restore log)
[2021-06-10 15:00:33] [ERROR] Error message: set_time_limit() has been disabled for security reasons
[2021-06-10 15:00:33] [ERROR] Error file/line: /home/vol6_6/epizy.com/epiz_28327718/htdocs/projects/store/wp-content/plugins/backup-backup/includes/initializer.php|141
[2021-06-10 15:00:38] [ERROR] Shuted down
[2021-06-10 15:00:38] [ERROR] Array
(
    [type] => 2
    [message] => set_time_limit() has been disabled for security reasons
    [file] => /home/vol6_6/epizy.com/epiz_28327718/htdocs/projects/store/wp-content/plugins/backup-backup/includes/initializer.php
    [line] => 141
)

[2021-06-10 15:00:38] [ERROR] There was an error before request shutdown (but it was not logged to backup/restore log)
[2021-06-10 15:00:38] [ERROR] Error message: set_time_limit() has been disabled for security reasons
[2021-06-10 15:00:38] [ERROR] Error file/line: /home/vol6_6/epizy.com/epiz_28327718/htdocs/projects/store/wp-content/plugins/backup-backup/includes/initializer.php|141
[2021-06-10 15:00:45] [ERROR] Shuted down
[2021-06-10 15:00:45] [ERROR] Array
(
    [type] => 2
    [message] => set_time_limit() has been disabled for security reasons
    [file] => /home/vol6_6/epizy.com/epiz_28327718/htdocs/projects/store/wp-content/plugins/backup-backup/includes/initializer.php
    [line] => 141
)

[2021-06-10 15:00:45] [ERROR] There was an error before request shutdown (but it was not logged to backup/restore log)
[2021-06-10 15:00:45] [ERROR] Error message: set_time_limit() has been disabled for security reasons
[2021-06-10 15:00:45] [ERROR] Error file/line: /home/vol6_6/epizy.com/epiz_28327718/htdocs/projects/store/wp-content/plugins/backup-backup/includes/initializer.php|141
[2021-06-10 15:00:50] [ERROR] Shuted down
[2021-06-10 15:00:50] [ERROR] Array
(
    [type] => 2
    [message] => set_time_limit() has been disabled for security reasons
    [file] => /home/vol6_6/epizy.com/epiz_28327718/htdocs/projects/store/wp-content/plugins/backup-backup/includes/initializer.php
    [line] => 141
)

[2021-06-10 15:00:50] [ERROR] There was an error before request shutdown (but it was not logged to backup/restore log)
[2021-06-10 15:00:50] [ERROR] Error message: set_time_limit() has been disabled for security reasons
[2021-06-10 15:00:50] [ERROR] Error file/line: /home/vol6_6/epizy.com/epiz_28327718/htdocs/projects/store/wp-content/plugins/backup-backup/includes/initializer.php|141
[2021-06-10 15:00:56] [ERROR] Shuted down
[2021-06-10 15:00:56] [ERROR] Array
(
    [type] => 2
    [message] => set_time_limit() has been disabled for security reasons
    [file] => /home/vol6_6/epizy.com/epiz_28327718/htdocs/projects/store/wp-content/plugins/backup-backup/includes/initializer.php
    [line] => 141
)

[2021-06-10 15:00:56] [ERROR] There was an error before request shutdown (but it was not logged to backup/restore log)
[2021-06-10 15:00:56] [ERROR] Error message: set_time_limit() has been disabled for security reasons
[2021-06-10 15:00:56] [ERROR] Error file/line: /home/vol6_6/epizy.com/epiz_28327718/htdocs/projects/store/wp-content/plugins/backup-backup/includes/initializer.php|141
[2021-06-10 15:01:06] [ERROR] Shuted down
[2021-06-10 15:01:06] [ERROR] Array
(
    [type] => 2
    [message] => set_time_limit() has been disabled for security reasons
    [file] => /home/vol6_6/epizy.com/epiz_28327718/htdocs/projects/store/wp-content/plugins/backup-backup/includes/initializer.php
    [line] => 141
)

[2021-06-10 15:01:06] [ERROR] There was an error before request shutdown (but it was not logged to backup/restore log)
[2021-06-10 15:01:06] [ERROR] Error message: set_time_limit() has been disabled for security reasons
[2021-06-10 15:01:06] [ERROR] Error file/line: /home/vol6_6/epizy.com/epiz_28327718/htdocs/projects/store/wp-content/plugins/backup-backup/includes/initializer.php|141
[2021-06-10 15:01:06] [ERROR] Shuted down
[2021-06-10 15:01:06] [ERROR] Array
(
    [type] => 2
    [message] => set_time_limit() has been disabled for security reasons
    [file] => /home/vol6_6/epizy.com/epiz_28327718/htdocs/projects/store/wp-content/plugins/backup-backup/includes/initializer.php
    [line] => 141
)

[2021-06-10 15:01:06] [ERROR] There was an error before request shutdown (but it was not logged to backup/restore log)
[2021-06-10 15:01:06] [ERROR] Error message: set_time_limit() has been disabled for security reasons
[2021-06-10 15:01:06] [ERROR] Error file/line: /home/vol6_6/epizy.com/epiz_28327718/htdocs/projects/store/wp-content/plugins/backup-backup/includes/initializer.php|141
[2021-06-10 15:01:06] [ERROR] Shuted down
[2021-06-10 15:01:06] [ERROR] Array
(
    [type] => 2
    [message] => set_time_limit() has been disabled for security reasons
    [file] => /home/vol6_6/epizy.com/epiz_28327718/htdocs/projects/store/wp-content/plugins/backup-backup/includes/initializer.php
    [line] => 141
)

[2021-06-10 15:01:06] [ERROR] There was an error before request shutdown (but it was not logged to backup/restore log)
[2021-06-10 15:01:06] [ERROR] Error message: set_time_limit() has been disabled for security reasons
[2021-06-10 15:01:06] [ERROR] Error file/line: /home/vol6_6/epizy.com/epiz_28327718/htdocs/projects/store/wp-content/plugins/backup-backup/includes/initializer.php|141
[2021-06-10 15:01:06] [ERROR] Shuted down
[2021-06-10 15:01:06] [ERROR] Array
(
    [type] => 2
    [message] => set_time_limit() has been disabled for security reasons
    [file] => /home/vol6_6/epizy.com/epiz_28327718/htdocs/projects/store/wp-content/plugins/backup-backup/includes/initializer.php
    [line] => 141
)

[2021-06-10 15:01:06] [ERROR] There was an error before request shutdown (but it was not logged to backup/restore log)
[2021-06-10 15:01:06] [ERROR] Error message: set_time_limit() has been disabled for security reasons
[2021-06-10 15:01:06] [ERROR] Error file/line: /home/vol6_6/epizy.com/epiz_28327718/htdocs/projects/store/wp-content/plugins/backup-backup/includes/initializer.php|141
[2021-06-10 15:01:06] [ERROR] Shuted down
[2021-06-10 15:01:06] [ERROR] Array
(
    [type] => 2
    [message] => set_time_limit() has been disabled for security reasons
    [file] => /home/vol6_6/epizy.com/epiz_28327718/htdocs/projects/store/wp-content/plugins/backup-backup/includes/initializer.php
    [line] => 141
)

[2021-06-10 15:01:06] [ERROR] There was an error before request shutdown (but it was not logged to backup/restore log)
[2021-06-10 15:01:06] [ERROR] Error message: set_time_limit() has been disabled for security reasons
[2021-06-10 15:01:06] [ERROR] Error file/line: /home/vol6_6/epizy.com/epiz_28327718/htdocs/projects/store/wp-content/plugins/backup-backup/includes/initializer.php|141
[2021-06-10 15:01:06] [ERROR] Shuted down
[2021-06-10 15:01:06] [ERROR] Array
(
    [type] => 2
    [message] => set_time_limit() has been disabled for security reasons
    [file] => /home/vol6_6/epizy.com/epiz_28327718/htdocs/projects/store/wp-content/plugins/backup-backup/includes/initializer.php
    [line] => 141
)

[2021-06-10 15:01:06] [ERROR] There was an error before request shutdown (but it was not logged to backup/restore log)
[2021-06-10 15:01:06] [ERROR] Error message: set_time_limit() has been disabled for security reasons
[2021-06-10 15:01:06] [ERROR] Error file/line: /home/vol6_6/epizy.com/epiz_28327718/htdocs/projects/store/wp-content/plugins/backup-backup/includes/initializer.php|141
[2021-06-10 15:01:24] [LOG] Plugin has been deactivated
